<?xml version="1.0" encoding="UTF-8"?>
<robot generator="Robot 6.0.1 (Python 3.9.7 on darwin)" generated="20221209 09:03:12.668" rpa="false" schemaversion="3">
<suite id="s1" name="GoogleSearch" source="/Users/zhijiewei/PycharmProjects/RobotFramework/Tests/Google/FunctionalTestSuite/GoogleSearch.robot">
<test id="s1-t1" name="This is sample test case" line="8">
<kw name="Open Browser" library="SeleniumLibrary">
<arg>http://www.google.com</arg>
<arg>chrome</arg>
<doc>Opens a new browser instance to the optional ``url``.</doc>
<msg timestamp="20221209 09:03:12.912" level="INFO">Opening browser 'chrome' to base url 'http://www.google.com'.</msg>
<status status="PASS" starttime="20221209 09:03:12.912" endtime="20221209 09:03:21.212"/>
</kw>
<kw name="Close Browser" library="SeleniumLibrary">
<doc>Closes the current browser.</doc>
<status status="PASS" starttime="20221209 09:03:21.213" endtime="20221209 09:03:21.288"/>
</kw>
<doc>Google test</doc>
<tag>regression</tag>
<status status="PASS" starttime="20221209 09:03:12.911" endtime="20221209 09:03:21.289"/>
</test>
<status status="PASS" starttime="20221209 09:03:12.669" endtime="20221209 09:03:21.289"/>
</suite>
<statistics>
<total>
<stat pass="1" fail="0" skip="0">All Tests</stat>
</total>
<tag>
<stat pass="1" fail="0" skip="0">regression</stat>
</tag>
<suite>
<stat pass="1" fail="0" skip="0" id="s1" name="GoogleSearch">GoogleSearch</stat>
</suite>
</statistics>
<errors>
</errors>
</robot>
